<?xml version="1.0" encoding="UTF-8"?>
<!-- Generated by org.testng.reporters.JUnitReportReporter -->
<testsuite skipped="0" hostname="admin-PC" name="sampleGitTest.SampleGitTest" tests="1" failures="0" timestamp="15 Apr 2018 05:51:49 GMT" time="103.757" errors="0">
  <testcase name="logintest" time="103.757" classname="sampleGitTest.SampleGitTest"/>
</testsuite> <!-- sampleGitTest.SampleGitTest -->
